1610401394680	mozrunner::runner	INFO	Running command: "/usr/bin/firefox" "-marionette" "-foreground" "-no-remote" "-profile" "/tmp/rust_mozprofileDDH2km"
WINDOW DECORATIONS RELOADED
WINDOW DECORATIONS RELOADED
console.warn: SearchSettings: "get: No settings file exists, new profile?" (new Error("", "(unknown module)"))
WINDOW DECORATIONS RELOADED
1610401400000	Marionette	INFO	Listening on port 34731
1610401400156	Marionette	WARN	TLS certificate errors will be ignored for this session
WINDOW DECORATIONS RELOADED
console.error: Region.jsm: "Error fetching region" (new Error("TIMEOUT", "resource://gre/modules/Region.jsm", 726))
console.error: Region.jsm: "Failed to fetch region" (new Error("TIMEOUT", "resource://gre/modules/Region.jsm", 376))
JavaScript error: resource://activity-stream/lib/ASRouter.jsm, line 987: NS_ERROR_ILLEGAL_VALUE: Component returned failure code: 0x80070057 (NS_ERROR_ILLEGAL_VALUE) [nsIObserverService.removeObserver]
1610401406507	Marionette	INFO	Stopped listening on port 34731
1610401563653	mozrunner::runner	INFO	Running command: "/usr/bin/firefox" "-marionette" "-foreground" "-no-remote" "-profile" "/tmp/rust_mozprofilez5vJ8k"
WINDOW DECORATIONS RELOADED
console.warn: SearchSettings: "get: No settings file exists, new profile?" (new Error("", "(unknown module)"))
1610401566227	Marionette	INFO	Listening on port 41251
WINDOW DECORATIONS RELOADED
1610401566283	Marionette	WARN	TLS certificate errors will be ignored for this session
WINDOW DECORATIONS RELOADED
WINDOW DECORATIONS RELOADED
1610401589179	Marionette	INFO	Stopped listening on port 41251
1610401617205	mozrunner::runner	INFO	Running command: "/usr/bin/firefox" "-marionette" "-foreground" "-no-remote" "-profile" "/tmp/rust_mozprofileX8cmP2"
WINDOW DECORATIONS RELOADED
console.warn: SearchSettings: "get: No settings file exists, new profile?" (new Error("", "(unknown module)"))
WINDOW DECORATIONS RELOADED
1610401619969	Marionette	INFO	Listening on port 36935
1610401620046	Marionette	WARN	TLS certificate errors will be ignored for this session
WINDOW DECORATIONS RELOADED
WINDOW DECORATIONS RELOADED
1610401625902	Marionette	INFO	Stopped listening on port 36935
1610401672499	mozrunner::runner	INFO	Running command: "/usr/bin/firefox" "-marionette" "-foreground" "-no-remote" "-profile" "/tmp/rust_mozprofile420tI4"
WINDOW DECORATIONS RELOADED
console.warn: SearchSettings: "get: No settings file exists, new profile?" (new Error("", "(unknown module)"))
WINDOW DECORATIONS RELOADED
1610401675144	Marionette	INFO	Listening on port 35579
WINDOW DECORATIONS RELOADED
1610401675226	Marionette	WARN	TLS certificate errors will be ignored for this session
WINDOW DECORATIONS RELOADED
1610401682578	Marionette	INFO	Stopped listening on port 35579
1610401716815	mozrunner::runner	INFO	Running command: "/usr/bin/firefox" "-marionette" "-foreground" "-no-remote" "-profile" "/tmp/rust_mozprofileESKky8"
WINDOW DECORATIONS RELOADED
console.warn: SearchSettings: "get: No settings file exists, new profile?" (new Error("", "(unknown module)"))
WINDOW DECORATIONS RELOADED
1610401739355	Marionette	INFO	Listening on port 33537
1610401739410	Marionette	WARN	TLS certificate errors will be ignored for this session
WINDOW DECORATIONS RELOADED
WINDOW DECORATIONS RELOADED
console.error: (new TypeError("nextProps.toolboxDoc.defaultView is null", "resource://devtools/client/shared/components/menu/MenuButton.js", 139))
console.error: (new TypeError("this.browser is undefined", "resource://devtools/client/responsive/components/App.js", 106))
JavaScript error: resource://devtools/client/shared/components/menu/MenuButton.js, line 139: TypeError: nextProps.toolboxDoc.defaultView is null
console.warn: "Async method failed in safeAsyncMethod" (new Error("Connection closed, pending request to server0.conn0.child3/domwalker25, type cancelPick failed\n\nRequest stack:\nrequest@resource://devtools/shared/protocol/Front.js:288:14\ngenerateRequestMethods/</frontProto[name]@resource://devtools/shared/protocol/Front/FrontClassWithSpec.js:46:19\ncancelPick@resource://devtools/client/fronts/walker.js:617:18\nexports.safeAsyncMethod/<@resource://devtools/shared/async-utils.js:57:25\n_onInspectorFrontDestroyed@resource://devtools/client/inspector/node-picker.js:112:18\n_emit@resource://devtools/shared/event-emitter.js:226:34\nemit@resource://devtools/shared/event-emitter.js:172:18\nemit@resource://devtools/shared/event-emitter.js:324:18\nunmanage@resource://devtools/shared/protocol/Front.js:168:37\ndestroy@resource://devtools/shared/protocol/Pool.js:167:14\nbaseFrontClassDestroy@resource://devtools/shared/protocol/Front.js:103:13\ndestroy@resource://devtools/shared/protocol/Front.js:67:10\ndestroy@resource://devtools/client/fronts/inspector.js:96:11\n_destroyTarget@resource://devtools/client/fronts/targets/target-mixin.js:604:17\n", "resource://devtools/shared/protocol/Front.js", 99))
1610401856944	Marionette	INFO	Stopped listening on port 33537
1610401897853	mozrunner::runner	INFO	Running command: "/usr/bin/firefox" "-marionette" "-foreground" "-no-remote" "-profile" "/tmp/rust_mozprofileP9Jms3"
WINDOW DECORATIONS RELOADED
console.warn: SearchSettings: "get: No settings file exists, new profile?" (new Error("", "(unknown module)"))
WINDOW DECORATIONS RELOADED
WINDOW DECORATIONS RELOADED
1610401904670	Marionette	INFO	Listening on port 40743
1610401904711	Marionette	WARN	TLS certificate errors will be ignored for this session
WINDOW DECORATIONS RELOADED
1610401913758	Marionette	INFO	Stopped listening on port 40743
1610401946660	mozrunner::runner	INFO	Running command: "/usr/bin/firefox" "-marionette" "-foreground" "-no-remote" "-profile" "/tmp/rust_mozprofileDd97zq"
WINDOW DECORATIONS RELOADED
console.warn: SearchSettings: "get: No settings file exists, new profile?" (new Error("", "(unknown module)"))
WINDOW DECORATIONS RELOADED
1610401949299	Marionette	INFO	Listening on port 37955
WINDOW DECORATIONS RELOADED
1610401949404	Marionette	WARN	TLS certificate errors will be ignored for this session
WINDOW DECORATIONS RELOADED
1610401953397	Marionette	INFO	Stopped listening on port 37955
1610401975606	mozrunner::runner	INFO	Running command: "/usr/bin/firefox" "-marionette" "-foreground" "-no-remote" "-profile" "/tmp/rust_mozprofileTReWIy"
WINDOW DECORATIONS RELOADED
console.warn: SearchSettings: "get: No settings file exists, new profile?" (new Error("", "(unknown module)"))
WINDOW DECORATIONS RELOADED
1610401978320	Marionette	INFO	Listening on port 45285
WINDOW DECORATIONS RELOADED
1610401978462	Marionette	WARN	TLS certificate errors will be ignored for this session
WINDOW DECORATIONS RELOADED
1610401985572	Marionette	INFO	Stopped listening on port 45285
1610402197665	mozrunner::runner	INFO	Running command: "/usr/bin/firefox" "-marionette" "-foreground" "-no-remote" "-profile" "/tmp/rust_mozprofileUlVCBZ"
WINDOW DECORATIONS RELOADED
console.warn: SearchSettings: "get: No settings file exists, new profile?" (new Error("", "(unknown module)"))
WINDOW DECORATIONS RELOADED
WINDOW DECORATIONS RELOADED
1610402205553	Marionette	INFO	Listening on port 45143
1610402205693	Marionette	WARN	TLS certificate errors will be ignored for this session
WINDOW DECORATIONS RELOADED
console.warn: LoginRecipes: "getRecipes: falling back to a synchronous message for:" "https://github.com"

(firefox:25113): GLib-GObject-CRITICAL **: 03:28:13.133: g_type_add_interface_static: assertion 'g_type_parent (interface_type) == G_TYPE_INTERFACE' failed

(firefox:25113): GLib-GObject-CRITICAL **: 03:28:13.133: g_type_add_interface_static: assertion 'g_type_parent (interface_type) == G_TYPE_INTERFACE' failed

(firefox:25113): GLib-GObject-WARNING **: 03:28:13.197: ../gobject/gsignal.c:3595: signal name 'load_complete' is invalid for instance '0x7ff011256b90' of type 'MaiAtkType139'

(firefox:25113): GLib-GObject-WARNING **: 03:28:13.225: ../gobject/gsignal.c:3595: signal name 'load_complete' is invalid for instance '0x7ff00e3ce350' of type 'MaiAtkType139'

(firefox:25113): GLib-GObject-WARNING **: 03:28:13.225: ../gobject/gsignal.c:3595: signal name 'load_complete' is invalid for instance '0x7ff00e3ce290' of type 'MaiAtkType139'

(firefox:25113): GLib-GObject-CRITICAL **: 03:28:13.260: g_type_add_interface_static: assertion 'g_type_parent (interface_type) == G_TYPE_INTERFACE' failed

(firefox:25113): GLib-GObject-CRITICAL **: 03:28:13.260: g_type_add_interface_static: assertion 'g_type_parent (interface_type) == G_TYPE_INTERFACE' failed

(firefox:25113): GLib-GObject-CRITICAL **: 03:28:13.317: g_type_add_interface_static: assertion 'g_type_parent (interface_type) == G_TYPE_INTERFACE' failed

(firefox:25113): GLib-GObject-CRITICAL **: 03:28:27.096: g_type_add_interface_static: assertion 'g_type_parent (interface_type) == G_TYPE_INTERFACE' failed
JavaScript warning: resource://devtools/client/shared/demangle.js, line 0: Successfully compiled asm.js code (total compilation time 97ms)

(firefox:25113): GLib-GObject-CRITICAL **: 03:28:40.195: g_type_add_interface_static: assertion 'g_type_parent (interface_type) == G_TYPE_INTERFACE' failed
console.warn: "Async method failed in safeAsyncMethod" (new Error("Connection closed, pending request to server0.conn0.child3/domwalker25, type cancelPick failed\n\nRequest stack:\nrequest@resource://devtools/shared/protocol/Front.js:288:14\ngenerateRequestMethods/</frontProto[name]@resource://devtools/shared/protocol/Front/FrontClassWithSpec.js:46:19\ncancelPick@resource://devtools/client/fronts/walker.js:617:18\nexports.safeAsyncMethod/<@resource://devtools/shared/async-utils.js:57:25\n_onInspectorFrontDestroyed@resource://devtools/client/inspector/node-picker.js:112:18\n_emit@resource://devtools/shared/event-emitter.js:226:34\nemit@resource://devtools/shared/event-emitter.js:172:18\nemit@resource://devtools/shared/event-emitter.js:324:18\nunmanage@resource://devtools/shared/protocol/Front.js:168:37\ndestroy@resource://devtools/shared/protocol/Pool.js:167:14\nbaseFrontClassDestroy@resource://devtools/shared/protocol/Front.js:103:13\ndestroy@resource://devtools/shared/protocol/Front.js:67:10\ndestroy@resource://devtools/client/fronts/inspector.js:96:11\n_destroyTarget@resource://devtools/client/fronts/targets/target-mixin.js:604:17\n", "resource://devtools/shared/protocol/Front.js", 99))
1610402343233	Marionette	INFO	Stopped listening on port 45143
1610402744942	mozrunner::runner	INFO	Running command: "/usr/bin/firefox" "-marionette" "-foreground" "-no-remote" "-profile" "/tmp/rust_mozprofile31hUah"
WINDOW DECORATIONS RELOADED
console.warn: SearchSettings: "get: No settings file exists, new profile?" (new Error("", "(unknown module)"))
WINDOW DECORATIONS RELOADED
WINDOW DECORATIONS RELOADED
1610402749982	Marionette	INFO	Listening on port 44481
1610402750152	Marionette	WARN	TLS certificate errors will be ignored for this session
WINDOW DECORATIONS RELOADED
1610402760451	Marionette	INFO	Stopped listening on port 44481
1610402792675	mozrunner::runner	INFO	Running command: "/usr/bin/firefox" "-marionette" "-foreground" "-no-remote" "-profile" "/tmp/rust_mozprofile7P5Npj"
WINDOW DECORATIONS RELOADED
console.warn: SearchSettings: "get: No settings file exists, new profile?" (new Error("", "(unknown module)"))
WINDOW DECORATIONS RELOADED
WINDOW DECORATIONS RELOADED
1610402796597	Marionette	INFO	Listening on port 37383
1610402796648	Marionette	WARN	TLS certificate errors will be ignored for this session
WINDOW DECORATIONS RELOADED
1610402808715	Marionette	INFO	Stopped listening on port 37383
1610402824924	mozrunner::runner	INFO	Running command: "/usr/bin/firefox" "-marionette" "-foreground" "-no-remote" "-profile" "/tmp/rust_mozprofilewb0HiK"
WINDOW DECORATIONS RELOADED
console.warn: SearchSettings: "get: No settings file exists, new profile?" (new Error("", "(unknown module)"))
WINDOW DECORATIONS RELOADED
WINDOW DECORATIONS RELOADED
1610402827662	Marionette	INFO	Listening on port 38571
1610402827761	Marionette	WARN	TLS certificate errors will be ignored for this session
WINDOW DECORATIONS RELOADED
1610402836497	Marionette	INFO	Stopped listening on port 38571
1610403045840	mozrunner::runner	INFO	Running command: "/usr/bin/firefox" "-marionette" "-foreground" "-no-remote" "-profile" "/tmp/rust_mozprofilerAMQPM"
WINDOW DECORATIONS RELOADED
console.warn: SearchSettings: "get: No settings file exists, new profile?" (new Error("", "(unknown module)"))
WINDOW DECORATIONS RELOADED
1610403048497	Marionette	INFO	Listening on port 41091
WINDOW DECORATIONS RELOADED
1610403048617	Marionette	WARN	TLS certificate errors will be ignored for this session
WINDOW DECORATIONS RELOADED
1610403053570	Marionette	INFO	Stopped listening on port 41091
1610403148083	mozrunner::runner	INFO	Running command: "/usr/bin/firefox" "-marionette" "-foreground" "-no-remote" "-profile" "/tmp/rust_mozprofile1pcl0S"
WINDOW DECORATIONS RELOADED
console.warn: SearchSettings: "get: No settings file exists, new profile?" (new Error("", "(unknown module)"))
WINDOW DECORATIONS RELOADED
WINDOW DECORATIONS RELOADED
1610403151018	Marionette	INFO	Listening on port 45611
1610403151130	Marionette	WARN	TLS certificate errors will be ignored for this session
WINDOW DECORATIONS RELOADED
console.warn: LoginRecipes: "getRecipes: falling back to a synchronous message for:" "https://github.com"
JavaScript error: resource://gre/modules/XULStore.jsm, line 66: Error: Can't find profile directory.
JavaScript error: resource://gre/modules/XULStore.jsm, line 66: Error: Can't find profile directory.
JavaScript error: resource://gre/modules/XULStore.jsm, line 66: Error: Can't find profile directory.
JavaScript error: resource://gre/modules/XULStore.jsm, line 66: Error: Can't find profile directory.
JavaScript error: resource://gre/modules/XULStore.jsm, line 66: Error: Can't find profile directory.
JavaScript error: resource://gre/modules/XULStore.jsm, line 66: Error: Can't find profile directory.
JavaScript error: resource://gre/modules/XULStore.jsm, line 66: Error: Can't find profile directory.
JavaScript error: resource://gre/modules/XULStore.jsm, line 66: Error: Can't find profile directory.
WINDOW DECORATIONS RELOADED
console.warn: LoginRecipes: "getRecipes: falling back to a synchronous message for:" "https://github.com"

(firefox:29122): GLib-GObject-CRITICAL **: 03:42:56.142: g_type_add_interface_static: assertion 'g_type_parent (interface_type) == G_TYPE_INTERFACE' failed

(firefox:29122): GLib-GObject-CRITICAL **: 03:42:56.143: g_type_add_interface_static: assertion 'g_type_parent (interface_type) == G_TYPE_INTERFACE' failed

(firefox:29122): GLib-GObject-CRITICAL **: 03:42:56.181: g_type_add_interface_static: assertion 'g_type_parent (interface_type) == G_TYPE_INTERFACE' failed

(firefox:29122): GLib-GObject-CRITICAL **: 03:42:56.321: g_type_add_interface_static: assertion 'g_type_parent (interface_type) == G_TYPE_INTERFACE' failed

(firefox:29122): GLib-GObject-CRITICAL **: 03:43:04.133: g_type_add_interface_static: assertion 'g_type_parent (interface_type) == G_TYPE_INTERFACE' failed

(firefox:29122): GLib-GObject-WARNING **: 03:43:04.368: ../gobject/gsignal.c:3595: signal name 'load_complete' is invalid for instance '0x7f554b5ab9b0' of type 'MaiAtkType139'

(firefox:29122): GLib-GObject-WARNING **: 03:43:04.368: ../gobject/gsignal.c:3595: signal name 'load_complete' is invalid for instance '0x7f554b5ab7d0' of type 'MaiAtkType139'

(firefox:29122): GLib-GObject-CRITICAL **: 03:43:04.481: g_type_add_interface_static: assertion 'g_type_parent (interface_type) == G_TYPE_INTERFACE' failed

(firefox:29122): GLib-GObject-CRITICAL **: 03:43:04.501: g_type_add_interface_static: assertion 'g_type_parent (interface_type) == G_TYPE_INTERFACE' failed

(firefox:29122): GLib-GObject-CRITICAL **: 03:43:04.716: g_type_add_interface_static: assertion 'g_type_parent (interface_type) == G_TYPE_INTERFACE' failed

(firefox:29122): GLib-GObject-CRITICAL **: 03:43:05.857: g_type_add_interface_static: assertion 'g_type_parent (interface_type) == G_TYPE_INTERFACE' failed
IPDL protocol error: Handler returned error code!

###!!! [Parent][DispatchAsyncMessage] Error: PLayerTransaction::Msg_ReleaseLayer Processing error: message was deserialized, but the handler returned false (indicating failure)

IPDL protocol error: Handler returned error code!

###!!! [Parent][DispatchAsyncMessage] Error: PLayerTransaction::Msg_ReleaseLayer Processing error: message was deserialized, but the handler returned false (indicating failure)

IPDL protocol error: Handler returned error code!

###!!! [Parent][DispatchAsyncMessage] Error: PLayerTransaction::Msg_ReleaseLayer Processing error: message was deserialized, but the handler returned false (indicating failure)

IPDL protocol error: Handler returned error code!

###!!! [Parent][DispatchAsyncMessage] Error: PLayerTransaction::Msg_ReleaseLayer Processing error: message was deserialized, but the handler returned false (indicating failure)

1610403193090	Marionette	INFO	Stopped listening on port 45611
1610403253974	mozrunner::runner	INFO	Running command: "/usr/bin/firefox" "-marionette" "-foreground" "-no-remote" "-profile" "/tmp/rust_mozprofileDlyNtM"
WINDOW DECORATIONS RELOADED
console.warn: SearchSettings: "get: No settings file exists, new profile?" (new Error("", "(unknown module)"))
WINDOW DECORATIONS RELOADED
1610403256519	Marionette	INFO	Listening on port 39921
1610403256611	Marionette	WARN	TLS certificate errors will be ignored for this session
WINDOW DECORATIONS RELOADED
WINDOW DECORATIONS RELOADED
JavaScript error: resource://activity-stream/lib/ASRouter.jsm, line 987: NS_ERROR_ILLEGAL_VALUE: Component returned failure code: 0x80070057 (NS_ERROR_ILLEGAL_VALUE) [nsIObserverService.removeObserver]
1610403261469	Marionette	INFO	Stopped listening on port 39921
1610403491642	mozrunner::runner	INFO	Running command: "/usr/bin/firefox" "-marionette" "-foreground" "-no-remote" "-profile" "/tmp/rust_mozprofilekCBbk6"
WINDOW DECORATIONS RELOADED
console.warn: SearchSettings: "get: No settings file exists, new profile?" (new Error("", "(unknown module)"))
WINDOW DECORATIONS RELOADED
WINDOW DECORATIONS RELOADED
1610403494303	Marionette	INFO	Listening on port 42495
1610403494378	Marionette	WARN	TLS certificate errors will be ignored for this session
WINDOW DECORATIONS RELOADED
1610403511914	Marionette	INFO	Stopped listening on port 42495
1610403514572	mozrunner::runner	INFO	Running command: "/usr/bin/firefox" "-marionette" "-foreground" "-no-remote" "-profile" "/tmp/rust_mozprofilesAy37Y"
WINDOW DECORATIONS RELOADED
console.warn: SearchSettings: "get: No settings file exists, new profile?" (new Error("", "(unknown module)"))
WINDOW DECORATIONS RELOADED
1610403517219	Marionette	INFO	Listening on port 39005
1610403517299	Marionette	WARN	TLS certificate errors will be ignored for this session
WINDOW DECORATIONS RELOADED
WINDOW DECORATIONS RELOADED
1610403526711	Marionette	INFO	Stopped listening on port 39005
1610403563945	mozrunner::runner	INFO	Running command: "/usr/bin/firefox" "-marionette" "-foreground" "-no-remote" "-profile" "/tmp/rust_mozprofilemxs8kv"
WINDOW DECORATIONS RELOADED
console.warn: SearchSettings: "get: No settings file exists, new profile?" (new Error("", "(unknown module)"))
WINDOW DECORATIONS RELOADED
1610403566591	Marionette	INFO	Listening on port 46379
1610403566684	Marionette	WARN	TLS certificate errors will be ignored for this session
WINDOW DECORATIONS RELOADED
WINDOW DECORATIONS RELOADED
1610403586085	Marionette	INFO	Stopped listening on port 46379
1610403839659	mozrunner::runner	INFO	Running command: "/usr/bin/firefox" "-marionette" "-foreground" "-no-remote" "-profile" "/tmp/rust_mozprofileyE38kD"
WINDOW DECORATIONS RELOADED
console.warn: SearchSettings: "get: No settings file exists, new profile?" (new Error("", "(unknown module)"))
WINDOW DECORATIONS RELOADED
1610403842192	Marionette	INFO	Listening on port 44113
1610403842296	Marionette	WARN	TLS certificate errors will be ignored for this session
WINDOW DECORATIONS RELOADED
WINDOW DECORATIONS RELOADED
console.error: Region.jsm: "Error fetching region" (new Error("TIMEOUT", "resource://gre/modules/Region.jsm", 726))
console.error: Region.jsm: "Failed to fetch region" (new Error("TIMEOUT", "resource://gre/modules/Region.jsm", 376))
1610403856958	Marionette	INFO	Stopped listening on port 44113
1610404027326	mozrunner::runner	INFO	Running command: "/usr/bin/firefox" "-marionette" "-foreground" "-no-remote" "-profile" "/tmp/rust_mozprofilerRfs5h"
WINDOW DECORATIONS RELOADED
console.warn: SearchSettings: "get: No settings file exists, new profile?" (new Error("", "(unknown module)"))
WINDOW DECORATIONS RELOADED
1610404029897	Marionette	INFO	Listening on port 35397
1610404029975	Marionette	WARN	TLS certificate errors will be ignored for this session
WINDOW DECORATIONS RELOADED
WINDOW DECORATIONS RELOADED
1610404038484	Marionette	INFO	Stopped listening on port 35397
1610404207820	mozrunner::runner	INFO	Running command: "/usr/bin/firefox" "-marionette" "-foreground" "-no-remote" "-profile" "/tmp/rust_mozprofilel0AcuU"
WINDOW DECORATIONS RELOADED
console.warn: SearchSettings: "get: No settings file exists, new profile?" (new Error("", "(unknown module)"))
WINDOW DECORATIONS RELOADED
1610404210474	Marionette	INFO	Listening on port 36559
1610404210564	Marionette	WARN	TLS certificate errors will be ignored for this session
WINDOW DECORATIONS RELOADED
WINDOW DECORATIONS RELOADED
console.error: Region.jsm: "Error fetching region" (new Error("TIMEOUT", "resource://gre/modules/Region.jsm", 726))
console.error: Region.jsm: "Failed to fetch region" (new Error("TIMEOUT", "resource://gre/modules/Region.jsm", 376))
console.error: "Error while calling actor 'pagestyle's method 'getApplied'" "node is null"
console.error: "getApplied@resource://devtools/server/actors/page-style.js:573:5\nhandler@resource://devtools/shared/protocol/Actor.js:172:37\nonPacket@resource://devtools/server/devtools-server-connection.js:379:58\nreceiveMessage@resource://devtools/shared/transport/child-transport.js:68:16\n"
console.error: (new Error("Protocol error (TypeError): node is null from: server0.conn0.child3/pagestyle26 (resource://devtools/server/actors/page-style.js:573:5)", "resource://devtools/shared/protocol/Front.js", 361))
console.error: "Error while calling actor 'pagestyle's method 'getUsedFontFaces'" "node is null"
console.error: "getUsedFontFaces@resource://devtools/server/actors/page-style.js:370:24\nhandler@resource://devtools/shared/protocol/Actor.js:172:37\nonPacket@resource://devtools/server/devtools-server-connection.js:379:58\nreceiveMessage@resource://devtools/shared/transport/child-transport.js:68:16\n"
console.error: "Could not get the list of font families" (new Error("Protocol error (TypeError): node is null from: server0.conn0.child3/pagestyle26 (resource://devtools/server/actors/page-style.js:370:24)", "resource://devtools/shared/protocol/Front.js", 361))
1610404261452	Marionette	INFO	Stopped listening on port 36559
1610404362174	mozrunner::runner	INFO	Running command: "/usr/bin/firefox" "-marionette" "-foreground" "-no-remote" "-profile" "/tmp/rust_mozprofileecAz82"
WINDOW DECORATIONS RELOADED
console.warn: SearchSettings: "get: No settings file exists, new profile?" (new Error("", "(unknown module)"))
WINDOW DECORATIONS RELOADED
WINDOW DECORATIONS RELOADED
1610404370963	Marionette	INFO	Listening on port 45159
1610404371033	Marionette	WARN	TLS certificate errors will be ignored for this session
WINDOW DECORATIONS RELOADED
1610404425376	mozrunner::runner	INFO	Running command: "/usr/bin/firefox" "-marionette" "-foreground" "-no-remote" "-profile" "/tmp/rust_mozprofileBhUe0g"
WINDOW DECORATIONS RELOADED
console.warn: SearchSettings: "get: No settings file exists, new profile?" (new Error("", "(unknown module)"))
WINDOW DECORATIONS RELOADED
1610404429150	Marionette	INFO	Listening on port 34047
1610404429213	Marionette	WARN	TLS certificate errors will be ignored for this session
IPDL protocol error: Handler returned error code!

###!!! [Parent][DispatchAsyncMessage] Error: PLayerTransaction::Msg_ReleaseLayer Processing error: message was deserialized, but the handler returned false (indicating failure)

IPDL protocol error: Handler returned error code!

###!!! [Parent][DispatchAsyncMessage] Error: PLayerTransaction::Msg_ReleaseLayer Processing error: message was deserialized, but the handler returned false (indicating failure)

IPDL protocol error: Handler returned error code!

###!!! [Parent][DispatchAsyncMessage] Error: PLayerTransaction::Msg_ReleaseLayer Processing error: message was deserialized, but the handler returned false (indicating failure)

IPDL protocol error: Handler returned error code!

###!!! [Parent][DispatchAsyncMessage] Error: PLayerTransaction::Msg_ReleaseLayer Processing error: message was deserialized, but the handler returned false (indicating failure)

IPDL protocol error: Handler returned error code!

###!!! [Parent][DispatchAsyncMessage] Error: PLayerTransaction::Msg_ReleaseLayer Processing error: message was deserialized, but the handler returned false (indicating failure)

IPDL protocol error: Handler returned error code!

###!!! [Parent][DispatchAsyncMessage] Error: PLayerTransaction::Msg_ReleaseLayer Processing error: message was deserialized, but the handler returned false (indicating failure)

IPDL protocol error: Handler returned error code!

###!!! [Parent][DispatchAsyncMessage] Error: PLayerTransaction::Msg_ReleaseLayer Processing error: message was deserialized, but the handler returned false (indicating failure)

IPDL protocol error: Handler returned error code!

###!!! [Parent][DispatchAsyncMessage] Error: PLayerTransaction::Msg_ReleaseLayer Processing error: message was deserialized, but the handler returned false (indicating failure)

1610404432078	Marionette	INFO	Stopped listening on port 45159
WINDOW DECORATIONS RELOADED
WINDOW DECORATIONS RELOADED
1610404462818	Marionette	INFO	Stopped listening on port 34047
1610404465722	mozrunner::runner	INFO	Running command: "/usr/bin/firefox" "-marionette" "-foreground" "-no-remote" "-profile" "/tmp/rust_mozprofilexmjaMb"
WINDOW DECORATIONS RELOADED
console.warn: SearchSettings: "get: No settings file exists, new profile?" (new Error("", "(unknown module)"))
WINDOW DECORATIONS RELOADED
WINDOW DECORATIONS RELOADED
1610404470560	Marionette	INFO	Listening on port 45287
1610404470666	Marionette	WARN	TLS certificate errors will be ignored for this session
WINDOW DECORATIONS RELOADED
console.error: Region.jsm: "Error fetching region" (new Error("TIMEOUT", "resource://gre/modules/Region.jsm", 726))
console.error: Region.jsm: "Failed to fetch region" (new Error("TIMEOUT", "resource://gre/modules/Region.jsm", 376))
WINDOW DECORATIONS RELOADED

###!!! [Parent][RunMessage] Error: Channel closing: too late to send/recv, messages will be lost


###!!! [Parent][RunMessage] Error: Channel closing: too late to send/recv, messages will be lost

1610404758991	Marionette	INFO	Stopped listening on port 45287
1610404763810	mozrunner::runner	INFO	Running command: "/usr/bin/firefox" "-marionette" "-foreground" "-no-remote" "-profile" "/tmp/rust_mozprofilewjN150"
WINDOW DECORATIONS RELOADED
console.warn: SearchSettings: "get: No settings file exists, new profile?" (new Error("", "(unknown module)"))
WINDOW DECORATIONS RELOADED
WINDOW DECORATIONS RELOADED
1610404767605	Marionette	INFO	Listening on port 45141
1610404767659	Marionette	WARN	TLS certificate errors will be ignored for this session
WINDOW DECORATIONS RELOADED
Handler function _httpStopRequest threw an exception: [Exception... "Component returned failure code: 0x80004005 (NS_ERROR_FAILURE) [nsITraceableChannel.setNewListener]"  nsresult: "0x80004005 (NS_ERROR_FAILURE)"  location: "JS frame :: resource://devtools/server/actors/network-monitor/network-observer.js :: _setupResponseListener :: line 1086"  data: no]
Stack: _setupResponseListener@resource://devtools/server/actors/network-monitor/network-observer.js:1086:38
_createNetworkEvent@resource://devtools/server/actors/network-monitor/network-observer.js:912:12
_httpStopRequest@resource://devtools/server/actors/network-monitor/network-observer.js:409:14
exports.makeInfallible/<@resource://devtools/shared/ThreadSafeDevToolsUtils.js:103:22
Line: 1086, column: 0
console.error: ({})
Handler function _httpStopRequest threw an exception: [Exception... "Component returned failure code: 0x80004005 (NS_ERROR_FAILURE) [nsITraceableChannel.setNewListener]"  nsresult: "0x80004005 (NS_ERROR_FAILURE)"  location: "JS frame :: resource://devtools/server/actors/network-monitor/network-observer.js :: _setupResponseListener :: line 1086"  data: no]
Stack: _setupResponseListener@resource://devtools/server/actors/network-monitor/network-observer.js:1086:38
_createNetworkEvent@resource://devtools/server/actors/network-monitor/network-observer.js:912:12
_httpStopRequest@resource://devtools/server/actors/network-monitor/network-observer.js:409:14
exports.makeInfallible/<@resource://devtools/shared/ThreadSafeDevToolsUtils.js:103:22
Line: 1086, column: 0
console.error: ({})
Handler function _httpStopRequest threw an exception: [Exception... "Component returned failure code: 0x80004005 (NS_ERROR_FAILURE) [nsITraceableChannel.setNewListener]"  nsresult: "0x80004005 (NS_ERROR_FAILURE)"  location: "JS frame :: resource://devtools/server/actors/network-monitor/network-observer.js :: _setupResponseListener :: line 1086"  data: no]
Stack: _setupResponseListener@resource://devtools/server/actors/network-monitor/network-observer.js:1086:38
_createNetworkEvent@resource://devtools/server/actors/network-monitor/network-observer.js:912:12
_httpStopRequest@resource://devtools/server/actors/network-monitor/network-observer.js:409:14
exports.makeInfallible/<@resource://devtools/shared/ThreadSafeDevToolsUtils.js:103:22
Line: 1086, column: 0
console.error: ({})
Handler function _httpStopRequest threw an exception: [Exception... "Component returned failure code: 0x80004005 (NS_ERROR_FAILURE) [nsITraceableChannel.setNewListener]"  nsresult: "0x80004005 (NS_ERROR_FAILURE)"  location: "JS frame :: resource://devtools/server/actors/network-monitor/network-observer.js :: _setupResponseListener :: line 1086"  data: no]
Stack: _setupResponseListener@resource://devtools/server/actors/network-monitor/network-observer.js:1086:38
_createNetworkEvent@resource://devtools/server/actors/network-monitor/network-observer.js:912:12
_httpStopRequest@resource://devtools/server/actors/network-monitor/network-observer.js:409:14
exports.makeInfallible/<@resource://devtools/shared/ThreadSafeDevToolsUtils.js:103:22
Line: 1086, column: 0
console.error: ({})
Handler function _httpStopRequest threw an exception: [Exception... "Component returned failure code: 0x80004005 (NS_ERROR_FAILURE) [nsITraceableChannel.setNewListener]"  nsresult: "0x80004005 (NS_ERROR_FAILURE)"  location: "JS frame :: resource://devtools/server/actors/network-monitor/network-observer.js :: _setupResponseListener :: line 1086"  data: no]
Stack: _setupResponseListener@resource://devtools/server/actors/network-monitor/network-observer.js:1086:38
_createNetworkEvent@resource://devtools/server/actors/network-monitor/network-observer.js:912:12
_httpStopRequest@resource://devtools/server/actors/network-monitor/network-observer.js:409:14
exports.makeInfallible/<@resource://devtools/shared/ThreadSafeDevToolsUtils.js:103:22
Line: 1086, column: 0
console.error: ({})
console.error: "Error while calling actor 'pagestyle's method 'getApplied'" "node is null"
console.error: "getApplied@resource://devtools/server/actors/page-style.js:573:5\nhandler@resource://devtools/shared/protocol/Actor.js:172:37\nonPacket@resource://devtools/server/devtools-server-connection.js:379:58\nreceiveMessage@resource://devtools/shared/transport/child-transport.js:68:16\n"
console.error: (new Error("Protocol error (TypeError): node is null from: server0.conn0.child3/pagestyle26 (resource://devtools/server/actors/page-style.js:573:5)", "resource://devtools/shared/protocol/Front.js", 361))
console.error: "Error while calling actor 'pagestyle's method 'getUsedFontFaces'" "node is null"
console.error: "getUsedFontFaces@resource://devtools/server/actors/page-style.js:370:24\nhandler@resource://devtools/shared/protocol/Actor.js:172:37\nonPacket@resource://devtools/server/devtools-server-connection.js:379:58\nreceiveMessage@resource://devtools/shared/transport/child-transport.js:68:16\n"
console.error: "Could not get the list of font families" (new Error("Protocol error (TypeError): node is null from: server0.conn0.child3/pagestyle26 (resource://devtools/server/actors/page-style.js:370:24)", "resource://devtools/shared/protocol/Front.js", 361))
JavaScript warning: https://www.google.com/xjs/_/js/k=xjs.s.en_GB._7A4q2aFbGY.O/ck=xjs.s.NSTCpSOUfvI.L.F4.O/m=ZyRBae,cdos,cr,dpf,hsm,jsa,pfd,d,csi/am=AAAAAAAAACoAAMABAAAAwBKYGyA4_0EAwAWXOAAAAACQAC0JGiUFSEgIAAEAAMiyUAIAACA/d=1/dg=2/ct=zgms/rs=ACT90oF8EMHqqJcvse98En0et7vuF6B4Pg, line 319: Script terminated by timeout at:
s_6ia@https://www.google.com/xjs/_/js/k=xjs.s.en_GB._7A4q2aFbGY.O/ck=xjs.s.NSTCpSOUfvI.L.F4.O/m=ZyRBae,cdos,cr,dpf,hsm,jsa,pfd,d,csi/am=AAAAAAAAACoAAMABAAAAwBKYGyA4_0EAwAWXOAAAAACQAC0JGiUFSEgIAAEAAMiyUAIAACA/d=1/dg=2/ct=zgms/rs=ACT90oF8EMHqqJcvse98En0et7vuF6B4Pg:319:220
s_7ia<@https://www.google.com/xjs/_/js/k=xjs.s.en_GB._7A4q2aFbGY.O/ck=xjs.s.NSTCpSOUfvI.L.F4.O/m=ZyRBae,cdos,cr,dpf,hsm,jsa,pfd,d,csi/am=AAAAAAAAACoAAMABAAAAwBKYGyA4_0EAwAWXOAAAAACQAC0JGiUFSEgIAAEAAMiyUAIAACA/d=1/dg=2/ct=zgms/rs=ACT90oF8EMHqqJcvse98En0et7vuF6B4Pg:320:39
s_Xia.prototype.get@https://www.google.com/xjs/_/js/k=xjs.s.en_GB._7A4q2aFbGY.O/ck=xjs.s.NSTCpSOUfvI.L.F4.O/m=ZyRBae,cdos,cr,dpf,hsm,jsa,pfd,d,csi/am=AAAAAAAAACoAAMABAAAAwBKYGyA4_0EAwAWXOAAAAACQAC0JGiUFSEgIAAEAAMiyUAIAACA/d=1/dg=2/ct=zgms/rs=ACT90oF8EMHqqJcvse98En0et7vuF6B4Pg:312:177
s_8ia@https://www.google.com/xjs/_/js/k=xjs.s.en_GB._7A4q2aFbGY.O/ck=xjs.s.NSTCpSOUfvI.L.F4.O/m=ZyRBae,cdos,cr,dpf,hsm,jsa,pfd,d,csi/am=AAAAAAAAACoAAMABAAAAwBKYGyA4_0EAwAWXOAAAAACQAC0JGiUFSEgIAAEAAMiyUAIAACA/d=1/dg=2/ct=zgms/rs=ACT90oF8EMHqqJcvse98En0et7vuF6B4Pg:320:108
s_bja@https://www.google.com/xjs/_/js/k=xjs.s.en_GB._7A4q2aFbGY.O/ck=xjs.s.NSTCpSOUfvI.L.F4.O/m=ZyRBae,cdos,cr,dpf,hsm,jsa,pfd,d,csi/am=AAAAAAAAACoAAMABAAAAwBKYGyA4_0EAwAWXOAAAAACQAC0JGiUFSEgIAAEAAMiyUAIAACA/d=1/dg=2/ct=zgms/rs=ACT90oF8EMHqqJcvse98En0et7vuF6B4Pg:324:128
s_1a@https://www.google.com/xjs/_/js/k=xjs.s.en_GB._7A4q2aFbGY.O/ck=xjs.s.NSTCpSOUfvI.L.F4.O/m=ZyRBae,cdos,cr,dpf,hsm,jsa,pfd,d,csi/am=AAAAAAAAACoAAMABAAAAwBKYGyA4_0EAwAWXOAAAAACQAC0JGiUFSEgIAAEAAMiyUAIAACA/d=1/dg=2/ct=zgms/rs=ACT90oF8EMHqqJcvse98En0et7vuF6B4Pg:322:247
s__oa@https://www.google.com/xjs/_/js/k=xjs.s.en_GB._7A4q2aFbGY.O/ck=xjs.s.NSTCpSOUfvI.L.F4.O/m=ZyRBae,cdos,cr,dpf,hsm,jsa,pfd,d,csi/am=AAAAAAAAACoAAMABAAAAwBKYGyA4_0EAwAWXOAAAAACQAC0JGiUFSEgIAAEAAMiyUAIAACA/d=1/dg=2/ct=zgms/rs=ACT90oF8EMHqqJcvse98En0et7vuF6B4Pg:652:229
s_0oa@https://www.google.com/xjs/_/js/k=xjs.s.en_GB._7A4q2aFbGY.O/ck=xjs.s.NSTCpSOUfvI.L.F4.O/m=ZyRBae,cdos,cr,dpf,hsm,jsa,pfd,d,csi/am=AAAAAAAAACoAAMABAAAAwBKYGyA4_0EAwAWXOAAAAACQAC0JGiUFSEgIAAEAAMiyUAIAACA/d=1/dg=2/ct=zgms/rs=ACT90oF8EMHqqJcvse98En0et7vuF6B4Pg:653:479
s_Woa@https://www.google.com/xjs/_/js/k=xjs.s.en_GB._7A4q2aFbGY.O/ck=xjs.s.NSTCpSOUfvI.L.F4.O/m=ZyRBae,cdos,cr,dpf,hsm,jsa,pfd,d,csi/am=AAAAAAAAACoAAMABAAAAwBKYGyA4_0EAwAWXOAAAAACQAC0JGiUFSEgIAAEAAMiyUAIAACA/d=1/dg=2/ct=zgms/rs=ACT90oF8EMHqqJcvse98En0et7vuF6B4Pg:653:232
s_Bda/this.ka<@https://www.google.com/xjs/_/js/k=xjs.s.en_GB._7A4q2aFbGY.O/ck=xjs.s.NSTCpSOUfvI.L.F4.O/m=ZyRBae,cdos,cr,dpf,hsm,jsa,pfd,d,csi/am=AAAAAAAAACoAAMABAAAAwBKYGyA4_0EAwAWXOAAAAACQAC0JGiUFSEgIAAEAAMiyUAIAACA/d=1/dg=2/ct=zgms/rs=ACT90oF8EMHqqJcvse98En0et7vuF6B4Pg:650:135
s_Ig.ctc/b.port1.onmessage@https://www.google.com/xjs/_/js/k=xjs.s.en_GB._7A4q2aFbGY.O/ck=xjs.s.NSTCpSOUfvI.L.F4.O/m=ZyRBae,cdos,cr,dpf,hsm,jsa,pfd,d,csi/am=AAAAAAAAACoAAMABAAAAwBKYGyA4_0EAwAWXOAAAAACQAC0JGiUFSEgIAAEAAMiyUAIAACA/d=1/dg=2/ct=zgms/rs=ACT90oF8EMHqqJcvse98En0et7vuF6B4Pg:317:250
EventHandlerNonNull*s_Ig.ctc@https://www.google.com/xjs/_/js/k=xjs.s.en_GB._7A4q2aFbGY.O/ck=xjs.s.NSTCpSOUfvI.L.F4.O/m=ZyRBae,cdos,cr,dpf,hsm,jsa,pfd,d,csi/am=AAAAAAAAACoAAMABAAAAwBKYGyA4_0EAwAWXOAAAAACQAC0JGiUFSEgIAAEAAMiyUAIAACA/d=1/dg=2/ct=zgms/rs=ACT90oF8EMHqqJcvse98En0et7vuF6B4Pg:317:171
s_Ig@https://www.google.com/xjs/_/js/k=xjs.s.en_GB._7A4q2aFbGY.O/ck=xjs.s.NSTCpSOUfvI.L.F4.O/m=ZyRBae,cdos,cr,dpf,hsm,jsa,pfd,d,csi/am=AAAAAAAAACoAAMABAAAAwBKYGyA4_0EAwAWXOAAAAACQAC0JGiUFSEgIAAEAAMiyUAIAACA/d=1/dg=2/ct=zgms/rs=ACT90oF8EMHqqJcvse98En0et7vuF6B4Pg:315:224
s_IZa@https://www.google.com/xjs/_/js/k=xjs.s.en_GB._7A4q2aFbGY.O/ck=xjs.s.NSTCpSOUfvI.L.F4.O/m=ZyRBae,cdos,cr,dpf,hsm,jsa,pfd,d,csi/am=AAAAAAAAACoAAMABAAAAwBKYGyA4_0EAwAWXOAAAAACQAC0JGiUFSEgIAAEAAMiyUAIAACA/d=1/dg=2/ct=zgms/rs=ACT90oF8EMHqqJcvse98En0et7vuF6B4Pg:3071:149
s_HZa.prototype.Ba@https://www.google.com/xjs/_/js/k=xjs.s.en_GB._7A4q2aFbGY.O/ck=xjs.s.NSTCpSOUfvI.L.F4.O/m=ZyRBae,cdos,cr,dpf,hsm,jsa,pfd,d,csi/am=AAAAAAAAACoAAMABAAAAwBKYGyA4_0EAwAWXOAAAAACQAC0JGiUFSEgIAAEAAMiyUAIAACA/d=1/dg=2/ct=zgms/rs=ACT90oF8EMHqqJcvse98En0et7vuF6B4Pg:3071:104
s_pZa.prototype.Fta@https://www.google.com/xjs/_/js/k=xjs.s.en_GB._7A4q2aFbGY.O/ck=xjs.s.NSTCpSOUfvI.L.F4.O/m=ZyRBae,cdos,cr,dpf,hsm,jsa,pfd,d,csi/am=AAAAAAAAACoAAMABAAAAwBKYGyA4_0EAwAWXOAAAAACQAC0JGiUFSEgIAAEAAMiyUAIAACA/d=1/dg=2/ct=zgms/rs=ACT90oF8EMHqqJcvse98En0et7vuF6B4Pg:3055:271
s_3Ya/<@https://www.google.com/xjs/_/js/k=xjs.s.en_GB._7A4q2aFbGY.O/ck=xjs.s.NSTCpSOUfvI.L.F4.O/m=ZyRBae,cdos,cr,dpf,hsm,jsa,pfd,d,csi/am=AAAAAAAAACoAAMABAAAAwBKYGyA4_0EAwAWXOAAAAACQAC0JGiUFSEgIAAEAAMiyUAIAACA/d=1/dg=2/ct=zgms/rs=ACT90oF8EMHqqJcvse98En0et7vuF6B4Pg:3041:460
s_5ia@https://www.google.com/xjs/_/js/k=xjs.s.en_GB._7A4q2aFbGY.O/ck=xjs.s.NSTCpSOUfvI.L.F4.O/m=ZyRBae,cdos,cr,dpf,hsm,jsa,pfd,d,csi/am=AAAAAAAAACoAAMABAAAAwBKYGyA4_0EAwAWXOAAAAACQAC0JGiUFSEgIAAEAAMiyUAIAACA/d=1/dg=2/ct=zgms/rs=ACT90oF8EMHqqJcvse98En0et7vuF6B4Pg:318:326
promise callback*s_1ia@https://www.google.com/xjs/_/js/k=xjs.s.en_GB._7A4q2aFbGY.O/ck=xjs.s.NSTCpSOUfvI.L.F4.O/m=ZyRBae,cdos,cr,dpf,hsm,jsa,pfd,d,csi/am=AAAAAAAAACoAAMABAAAAwBKYGyA4_0EAwAWXOAAAAACQAC0JGiUFSEgIAAEAAMiyUAIAACA/d=1/dg=2/ct=zgms/rs=ACT90oF8EMHqqJcvse98En0et7vuF6B4Pg:318:197
s_Jg@https://www.google.com/xjs/_/js/k=xjs.s.en_GB._7A4q2aFbGY.O/ck=xjs.s.NSTCpSOUfvI.L.F4.O/m=ZyRBae,cdos,cr,dpf,hsm,jsa,pfd,d,csi/am=AAAAAAAAACoAAMABAAAAwBKYGyA4_0EAwAWXOAAAAACQAC0JGiUFSEgIAAEAAMiyUAIAACA/d=1/dg=2/ct=zgms/rs=ACT90oF8EMHqqJcvse98En0et7vuF6B4Pg:318:47
s_fja@https://www.google.com/xjs/_/js/k=xjs.s.en_GB._7A4q2aFbGY.O/ck=xjs.s.NSTCpSOUfvI.L.F4.O/m=ZyRBae,cdos,cr,dpf,hsm,jsa,pfd,d,csi/am=AAAAAAAAACoAAMABAAAAwBKYGyA4_0EAwAWXOAAAAACQAC0JGiUFSEgIAAEAAMiyUAIAACA/d=1/dg=2/ct=zgms/rs=ACT90oF8EMHqqJcvse98En0et7vuF6B4Pg:326:429
s_Kg.prototype.Pw@https://www.google.com/xjs/_/js/k=xjs.s.en_GB._7A4q2aFbGY.O/ck=xjs.s.NSTCpSOUfvI.L.F4.O/m=ZyRBae,cdos,cr,dpf,hsm,jsa,pfd,d,csi/am=AAAAAAAAACoAAMABAAAAwBKYGyA4_0EAwAWXOAAAAACQAC0JGiUFSEgIAAEAAMiyUAIAACA/d=1/dg=2/ct=zgms/rs=ACT90oF8EMHqqJcvse98En0et7vuF6B4Pg:325:160
s_Kg/<@https://www.google.com/xjs/_/js/k=xjs.s.en_GB._7A4q2aFbGY.O/ck=xjs.s.NSTCpSOUfvI.L.F4.O/m=ZyRBae,cdos,cr,dpf,hsm,jsa,pfd,d,csi/am=AAAAAAAAACoAAMABAAAAwBKYGyA4_0EAwAWXOAAAAACQAC0JGiUFSEgIAAEAAMiyUAIAACA/d=1/dg=2/ct=zgms/rs=ACT90oF8EMHqqJcvse98En0et7vuF6B4Pg:319:149
s_Zsa@https://www.google.com/xjs/_/js/k=xjs.s.en_GB._7A4q2aFbGY.O/ck=xjs.s.NSTCpSOUfvI.L.F4.O/m=ZyRBae,cdos,cr,dpf,hsm,jsa,pfd,d,csi/am=AAAAAAAAACoAAMABAAAAwBKYGyA4_0EAwAWXOAAAAACQAC0JGiUFSEgIAAEAAMiyUAIAACA/d=1/dg=2/ct=zgms/rs=ACT90oF8EMHqqJcvse98En0et7vuF6B4Pg:982:273
s_Ysa.prototype.initialize@https://www.google.com/xjs/_/js/k=xjs.s.en_GB._7A4q2aFbGY.O/ck=xjs.s.NSTCpSOUfvI.L.F4.O/m=ZyRBae,cdos,cr,dpf,hsm,jsa,pfd,d,csi/am=AAAAAAAAACoAAMABAAAAwBKYGyA4_0EAwAWXOAAAAACQAC0JGiUFSEgIAAEAAMiyUAIAACA/d=1/dg=2/ct=zgms/rs=ACT90oF8EMHqqJcvse98En0et7vuF6B4Pg:981:250
s_gi.prototype.onLoad@https://www.google.com/xjs/_/js/k=xjs.s.en_GB._7A4q2aFbGY.O/ck=xjs.s.NSTCpSOUfvI.L.F4.O/m=ZyRBae,cdos,cr,dpf,hsm,jsa,pfd,d,csi/am=AAAAAAAAACoAAMABAAAAwBKYGyA4_0EAwAWXOAAAAACQAC0JGiUFSEgIAAEAAMiyUAIAACA/d=1/dg=2/ct=zgms/rs=ACT90oF8EMHqqJcvse98En0et7vuF6B4Pg:538:56
s_ena@https://www.google.com/xjs/_/js/k=xjs.s.en_GB._7A4q2aFbGY.O/ck=xjs.s.NSTCpSOUfvI.L.F4.O/m=ZyRBae,cdos,cr,dpf,hsm,jsa,pfd,d,csi/am=AAAAAAAAACoAAMABAAAAwBKYGyA4_0EAwAWXOAAAAACQAC0JGiUFSEgIAAEAAMiyUAIAACA/d=1/dg=2/ct=zgms/rs=ACT90oF8EMHqqJcvse98En0et7vuF6B4Pg:566:47
s_.ugb@https://www.google.com/xjs/_/js/k=xjs.s.en_GB._7A4q2aFbGY.O/ck=xjs.s.NSTCpSOUfvI.L.F4.O/m=ZyRBae,cdos,cr,dpf,hsm,jsa,pfd,d,csi/am=AAAAAAAAACoAAMABAAAAwBKYGyA4_0EAwAWXOAAAAACQAC0JGiUFSEgIAAEAAMiyUAIAACA/d=1/dg=2/ct=zgms/rs=ACT90oF8EMHqqJcvse98En0et7vuF6B4Pg:561:460
_ModuleManager_initialize@https://www.google.com/xjs/_/js/k=xjs.s.en_GB._7A4q2aFbGY.O/ck=xjs.s.NSTCpSOUfvI.L.F4.O/m=ZyRBae,cdos,cr,dpf,hsm,jsa,pfd,d,csi/am=AAAAAAAAACoAAMABAAAAwBKYGyA4_0EAwAWXOAAAAACQAC0JGiUFSEgIAAEAAMiyUAIAACA/d=1/dg=2/ct=zgms/rs=ACT90oF8EMHqqJcvse98En0et7vuF6B4Pg:3089:90
@https://www.google.com/xjs/_/js/k=xjs.s.en_GB._7A4q2aFbGY.O/ck=xjs.s.NSTCpSOUfvI.L.F4.O/m=ZyRBae,cdos,cr,dpf,hsm,jsa,pfd,d,csi/am=AAAAAAAAACoAAMABAAAAwBKYGyA4_0EAwAWXOAAAAACQAC0JGiUFSEgIAAEAAMiyUAIAACA/d=1/dg=2/ct=zgms/rs=ACT90oF8EMHqqJcvse98En0et7vuF6B4Pg:3091:26

console.error: "Error while calling actor 'pagestyle's method 'getLayout'" "node is null"
console.error: "getLayout@resource://devtools/server/actors/page-style.js:1005:5\nhandler@resource://devtools/shared/protocol/Actor.js:172:37\nonPacket@resource://devtools/server/devtools-server-connection.js:379:58\nreceiveMessage@resource://devtools/shared/transport/child-transport.js:68:16\n"
console.error: (new Error("Protocol error (TypeError): node is null from: server0.conn0.child3/pagestyle26 (resource://devtools/server/actors/page-style.js:1005:5)", "resource://devtools/shared/protocol/Front.js", 361))
1610405035067	Marionette	INFO	Stopped listening on port 45141
1610405082322	mozrunner::runner	INFO	Running command: "/usr/bin/firefox" "-marionette" "-foreground" "-no-remote" "-profile" "/tmp/rust_mozprofileoRV8yj"
WINDOW DECORATIONS RELOADED
console.warn: SearchSettings: "get: No settings file exists, new profile?" (new Error("", "(unknown module)"))
WINDOW DECORATIONS RELOADED
WINDOW DECORATIONS RELOADED
1610405085586	Marionette	INFO	Listening on port 36863
1610405085665	Marionette	WARN	TLS certificate errors will be ignored for this session
WINDOW DECORATIONS RELOADED
1610405114002	Marionette	INFO	Stopped listening on port 36863
1610405115619	mozrunner::runner	INFO	Running command: "/usr/bin/firefox" "-marionette" "-foreground" "-no-remote" "-profile" "/tmp/rust_mozprofilewtVtPb"
WINDOW DECORATIONS RELOADED
console.warn: SearchSettings: "get: No settings file exists, new profile?" (new Error("", "(unknown module)"))
WINDOW DECORATIONS RELOADED
WINDOW DECORATIONS RELOADED
1610405118322	Marionette	INFO	Listening on port 36327
1610405118364	Marionette	WARN	TLS certificate errors will be ignored for this session
WINDOW DECORATIONS RELOADED
1610405148538	Marionette	INFO	Stopped listening on port 36327
1610405530298	mozrunner::runner	INFO	Running command: "/usr/bin/firefox" "-marionette" "-foreground" "-no-remote" "-profile" "/tmp/rust_mozprofiletJRpQK"
WINDOW DECORATIONS RELOADED
console.warn: SearchSettings: "get: No settings file exists, new profile?" (new Error("", "(unknown module)"))
WINDOW DECORATIONS RELOADED
1610405532850	Marionette	INFO	Listening on port 34851
1610405532931	Marionette	WARN	TLS certificate errors will be ignored for this session
WINDOW DECORATIONS RELOADED
WINDOW DECORATIONS RELOADED

###!!! [Child][MessageChannel] Error: (msgtype=0x5C000A,name=PHttpChannel::Msg_DeletingChannel) Channel closing: too late to send/recv, messages will be lost

1610405538782	Marionette	INFO	Stopped listening on port 34851
1610405611675	mozrunner::runner	INFO	Running command: "/usr/bin/firefox" "-marionette" "-foreground" "-no-remote" "-profile" "/tmp/rust_mozprofileH7HQul"
WINDOW DECORATIONS RELOADED
console.warn: SearchSettings: "get: No settings file exists, new profile?" (new Error("", "(unknown module)"))
WINDOW DECORATIONS RELOADED
WINDOW DECORATIONS RELOADED
1610405614995	Marionette	INFO	Listening on port 44963
1610405615120	Marionette	WARN	TLS certificate errors will be ignored for this session
WINDOW DECORATIONS RELOADED
1610405635158	mozrunner::runner	INFO	Running command: "/usr/bin/firefox" "-marionette" "-foreground" "-no-remote" "-profile" "/tmp/rust_mozprofile1d4PpI"
WINDOW DECORATIONS RELOADED
console.warn: SearchSettings: "get: No settings file exists, new profile?" (new Error("", "(unknown module)"))
1610405637588	Marionette	INFO	Stopped listening on port 44963
WINDOW DECORATIONS RELOADED
WINDOW DECORATIONS RELOADED
1610405638463	Marionette	INFO	Listening on port 40661
1610405638506	Marionette	WARN	TLS certificate errors will be ignored for this session
WINDOW DECORATIONS RELOADED
1610405663180	Marionette	INFO	Stopped listening on port 40661
1610405675170	mozrunner::runner	INFO	Running command: "/usr/bin/firefox" "-marionette" "-foreground" "-no-remote" "-profile" "/tmp/rust_mozprofileiGbyII"
WINDOW DECORATIONS RELOADED
console.warn: SearchSettings: "get: No settings file exists, new profile?" (new Error("", "(unknown module)"))
WINDOW DECORATIONS RELOADED
WINDOW DECORATIONS RELOADED
1610405683629	Marionette	INFO	Listening on port 46429
1610405683771	Marionette	WARN	TLS certificate errors will be ignored for this session
WINDOW DECORATIONS RELOADED
IPDL protocol error: Handler returned error code!

###!!! [Parent][DispatchAsyncMessage] Error: PLayerTransaction::Msg_ReleaseLayer Processing error: message was deserialized, but the handler returned false (indicating failure)

IPDL protocol error: Handler returned error code!

###!!! [Parent][DispatchAsyncMessage] Error: PLayerTransaction::Msg_ReleaseLayer Processing error: message was deserialized, but the handler returned false (indicating failure)

IPDL protocol error: Handler returned error code!

###!!! [Parent][DispatchAsyncMessage] Error: PLayerTransaction::Msg_ReleaseLayer Processing error: message was deserialized, but the handler returned false (indicating failure)

IPDL protocol error: Handler returned error code!

###!!! [Parent][DispatchAsyncMessage] Error: PLayerTransaction::Msg_ReleaseLayer Processing error: message was deserialized, but the handler returned false (indicating failure)

IPDL protocol error: Handler returned error code!

###!!! [Parent][DispatchAsyncMessage] Error: PLayerTransaction::Msg_ReleaseLayer Processing error: message was deserialized, but the handler returned false (indicating failure)

IPDL protocol error: Handler returned error code!

###!!! [Parent][DispatchAsyncMessage] Error: PLayerTransaction::Msg_ReleaseLayer Processing error: message was deserialized, but the handler returned false (indicating failure)

IPDL protocol error: Handler returned error code!

###!!! [Parent][DispatchAsyncMessage] Error: PLayerTransaction::Msg_ReleaseLayer Processing error: message was deserialized, but the handler returned false (indicating failure)

IPDL protocol error: Handler returned error code!

###!!! [Parent][DispatchAsyncMessage] Error: PLayerTransaction::Msg_ReleaseLayer Processing error: message was deserialized, but the handler returned false (indicating failure)

1610405729207	Marionette	INFO	Stopped listening on port 46429
1610409473622	mozrunner::runner	INFO	Running command: "/usr/bin/firefox" "-marionette" "-foreground" "-no-remote" "-profile" "/tmp/rust_mozprofileQNUFj1"
WINDOW DECORATIONS RELOADED
WINDOW DECORATIONS RELOADED
console.warn: SearchSettings: "get: No settings file exists, new profile?" (new Error("", "(unknown module)"))
WINDOW DECORATIONS RELOADED
1610409479492	Marionette	INFO	Listening on port 39479
1610409479602	Marionette	WARN	TLS certificate errors will be ignored for this session
WINDOW DECORATIONS RELOADED
IPDL protocol error: Handler returned error code!

###!!! [Parent][DispatchAsyncMessage] Error: PLayerTransaction::Msg_ReleaseLayer Processing error: message was deserialized, but the handler returned false (indicating failure)

IPDL protocol error: Handler returned error code!

###!!! [Parent][DispatchAsyncMessage] Error: PLayerTransaction::Msg_ReleaseLayer Processing error: message was deserialized, but the handler returned false (indicating failure)

IPDL protocol error: Handler returned error code!

###!!! [Parent][DispatchAsyncMessage] Error: PLayerTransaction::Msg_ReleaseLayer Processing error: message was deserialized, but the handler returned false (indicating failure)

IPDL protocol error: Handler returned error code!

###!!! [Parent][DispatchAsyncMessage] Error: PLayerTransaction::Msg_ReleaseLayer Processing error: message was deserialized, but the handler returned false (indicating failure)

IPDL protocol error: Handler returned error code!

###!!! [Parent][DispatchAsyncMessage] Error: PLayerTransaction::Msg_ReleaseLayer Processing error: message was deserialized, but the handler returned false (indicating failure)

IPDL protocol error: Handler returned error code!

###!!! [Parent][DispatchAsyncMessage] Error: PLayerTransaction::Msg_ReleaseLayer Processing error: message was deserialized, but the handler returned false (indicating failure)

IPDL protocol error: Handler returned error code!

###!!! [Parent][DispatchAsyncMessage] Error: PLayerTransaction::Msg_ReleaseLayer Processing error: message was deserialized, but the handler returned false (indicating failure)

IPDL protocol error: Handler returned error code!

###!!! [Parent][DispatchAsyncMessage] Error: PLayerTransaction::Msg_ReleaseLayer Processing error: message was deserialized, but the handler returned false (indicating failure)

JavaScript error: chrome://browser/content/browser-customization.js, line 166: NS_ERROR_NOT_INITIALIZED: 
1610409619744	Marionette	INFO	Stopped listening on port 39479

###!!! [Parent][RunMessage] Error: Channel closing: too late to send/recv, messages will be lost

1610409642623	mozrunner::runner	INFO	Running command: "/usr/bin/firefox" "-marionette" "-foreground" "-no-remote" "-profile" "/tmp/rust_mozprofilevd0wRZ"
WINDOW DECORATIONS RELOADED
console.warn: SearchSettings: "get: No settings file exists, new profile?" (new Error("", "(unknown module)"))
WINDOW DECORATIONS RELOADED
1610409646913	Marionette	INFO	Listening on port 43145
WINDOW DECORATIONS RELOADED
1610409646974	Marionette	WARN	TLS certificate errors will be ignored for this session
WINDOW DECORATIONS RELOADED
1610409660294	Marionette	INFO	Stopped listening on port 43145
1610409672269	mozrunner::runner	INFO	Running command: "/usr/bin/firefox" "-marionette" "-foreground" "-no-remote" "-profile" "/tmp/rust_mozprofile7HtHZD"
WINDOW DECORATIONS RELOADED
console.warn: SearchSettings: "get: No settings file exists, new profile?" (new Error("", "(unknown module)"))
WINDOW DECORATIONS RELOADED
1610409674822	Marionette	INFO	Listening on port 33413
1610409674897	Marionette	WARN	TLS certificate errors will be ignored for this session
WINDOW DECORATIONS RELOADED
WINDOW DECORATIONS RELOADED
1610409714700	mozrunner::runner	INFO	Running command: "/usr/bin/firefox" "-marionette" "-foreground" "-no-remote" "-profile" "/tmp/rust_mozprofileTkfMpY"
WINDOW DECORATIONS RELOADED
1610409716831	Marionette	INFO	Stopped listening on port 33413
console.warn: SearchSettings: "get: No settings file exists, new profile?" (new Error("", "(unknown module)"))
WINDOW DECORATIONS RELOADED
1610409717825	Marionette	INFO	Listening on port 38353
1610409717956	Marionette	WARN	TLS certificate errors will be ignored for this session
WINDOW DECORATIONS RELOADED
WINDOW DECORATIONS RELOADED
1610409737923	Marionette	INFO	Stopped listening on port 38353
1610409803474	mozrunner::runner	INFO	Running command: "/usr/bin/firefox" "-marionette" "-foreground" "-no-remote" "-profile" "/tmp/rust_mozprofileCv154a"
WINDOW DECORATIONS RELOADED
console.warn: SearchSettings: "get: No settings file exists, new profile?" (new Error("", "(unknown module)"))
WINDOW DECORATIONS RELOADED
1610409806068	Marionette	INFO	Listening on port 38401
1610409806106	Marionette	WARN	TLS certificate errors will be ignored for this session
WINDOW DECORATIONS RELOADED
WINDOW DECORATIONS RELOADED
1610409825891	Marionette	INFO	Stopped listening on port 38401
1610410053476	mozrunner::runner	INFO	Running command: "/usr/bin/firefox" "-marionette" "-foreground" "-no-remote" "-profile" "/tmp/rust_mozprofile7qprkj"
WINDOW DECORATIONS RELOADED
console.warn: SearchSettings: "get: No settings file exists, new profile?" (new Error("", "(unknown module)"))
WINDOW DECORATIONS RELOADED
1610410061428	Marionette	INFO	Listening on port 45003
1610410061528	Marionette	WARN	TLS certificate errors will be ignored for this session
WINDOW DECORATIONS RELOADED
WINDOW DECORATIONS RELOADED
1610410091688	Marionette	INFO	Stopped listening on port 45003
1610410124183	mozrunner::runner	INFO	Running command: "/usr/bin/firefox" "-marionette" "-foreground" "-no-remote" "-profile" "/tmp/rust_mozprofileWpoWuW"
WINDOW DECORATIONS RELOADED
console.warn: SearchSettings: "get: No settings file exists, new profile?" (new Error("", "(unknown module)"))
WINDOW DECORATIONS RELOADED
WINDOW DECORATIONS RELOADED
1610410126955	Marionette	INFO	Listening on port 32963
1610410127023	Marionette	WARN	TLS certificate errors will be ignored for this session
WINDOW DECORATIONS RELOADED
console.error: (new TypeError("currentNode is null", "resource://devtools/client/inspector/shared/style-change-tracker.js", 66))
TypeError: currentNode is null: canMutationImpactCurrentStyles@resource://devtools/client/inspector/shared/style-change-tracker.js:66:20
onMutations@resource://devtools/client/inspector/shared/style-change-tracker.js:84:41
_emit@resource://devtools/shared/event-emitter.js:226:34
emit@resource://devtools/shared/event-emitter.js:172:18
emit@resource://devtools/shared/event-emitter.js:324:18
getMutations@resource://devtools/client/fronts/walker.js:405:10

IPDL protocol error: Handler returned error code!

###!!! [Parent][DispatchAsyncMessage] Error: PLayerTransaction::Msg_ReleaseLayer Processing error: message was deserialized, but the handler returned false (indicating failure)

IPDL protocol error: Handler returned error code!

###!!! [Parent][DispatchAsyncMessage] Error: PLayerTransaction::Msg_ReleaseLayer Processing error: message was deserialized, but the handler returned false (indicating failure)

IPDL protocol error: Handler returned error code!

###!!! [Parent][DispatchAsyncMessage] Error: PLayerTransaction::Msg_ReleaseLayer Processing error: message was deserialized, but the handler returned false (indicating failure)

IPDL protocol error: Handler returned error code!

###!!! [Parent][DispatchAsyncMessage] Error: PLayerTransaction::Msg_ReleaseLayer Processing error: message was deserialized, but the handler returned false (indicating failure)

IPDL protocol error: Handler returned error code!

###!!! [Parent][DispatchAsyncMessage] Error: PLayerTransaction::Msg_ReleaseLayer Processing error: message was deserialized, but the handler returned false (indicating failure)

IPDL protocol error: Handler returned error code!

###!!! [Parent][DispatchAsyncMessage] Error: PLayerTransaction::Msg_ReleaseLayer Processing error: message was deserialized, but the handler returned false (indicating failure)

IPDL protocol error: Handler returned error code!

###!!! [Parent][DispatchAsyncMessage] Error: PLayerTransaction::Msg_ReleaseLayer Processing error: message was deserialized, but the handler returned false (indicating failure)

IPDL protocol error: Handler returned error code!

###!!! [Parent][DispatchAsyncMessage] Error: PLayerTransaction::Msg_ReleaseLayer Processing error: message was deserialized, but the handler returned false (indicating failure)

1610410264706	Marionette	INFO	Stopped listening on port 32963
1610410284041	mozrunner::runner	INFO	Running command: "/usr/bin/firefox" "-marionette" "-foreground" "-no-remote" "-profile" "/tmp/rust_mozprofileFXn02Z"
WINDOW DECORATIONS RELOADED
console.warn: SearchSettings: "get: No settings file exists, new profile?" (new Error("", "(unknown module)"))
WINDOW DECORATIONS RELOADED
1610410287385	Marionette	INFO	Listening on port 44691
WINDOW DECORATIONS RELOADED
1610410287496	Marionette	WARN	TLS certificate errors will be ignored for this session
WINDOW DECORATIONS RELOADED
WINDOW DECORATIONS RELOADED
1610410421022	mozrunner::runner	INFO	Running command: "/usr/bin/firefox" "-marionette" "-foreground" "-no-remote" "-profile" "/tmp/rust_mozprofileIjYtJQ"
WINDOW DECORATIONS RELOADED
1610410424127	Marionette	INFO	Stopped listening on port 44691
console.warn: SearchSettings: "get: No settings file exists, new profile?" (new Error("", "(unknown module)"))
1610410425097	Marionette	INFO	Listening on port 45793
1610410425156	Marionette	WARN	TLS certificate errors will be ignored for this session
WINDOW DECORATIONS RELOADEDWINDOW DECORATIONS RELOADED

WINDOW DECORATIONS RELOADED
1610410445906	mozrunner::runner	INFO	Running command: "/usr/bin/firefox" "-marionette" "-foreground" "-no-remote" "-profile" "/tmp/rust_mozprofileTN2iw3"
WINDOW DECORATIONS RELOADED
1610410446920	Marionette	INFO	Stopped listening on port 45793
console.warn: SearchSettings: "get: No settings file exists, new profile?" (new Error("", "(unknown module)"))
WINDOW DECORATIONS RELOADED
WINDOW DECORATIONS RELOADED
1610410449414	Marionette	INFO	Listening on port 36239
1610410449462	Marionette	WARN	TLS certificate errors will be ignored for this session
WINDOW DECORATIONS RELOADED
*** UTM:SVC TimerManager:registerTimer called after profile-before-change notification. Ignoring timer registration for id: telemetry_modules_ping
1610410507409	Marionette	INFO	Stopped listening on port 36239
1610410508384	mozrunner::runner	INFO	Running command: "/usr/bin/firefox" "-marionette" "-foreground" "-no-remote" "-profile" "/tmp/rust_mozprofileaTjmYw"
WINDOW DECORATIONS RELOADED
console.warn: SearchSettings: "get: No settings file exists, new profile?" (new Error("", "(unknown module)"))
WINDOW DECORATIONS RELOADED
1610410510903	Marionette	INFO	Listening on port 40329
1610410511023	Marionette	WARN	TLS certificate errors will be ignored for this session
WINDOW DECORATIONS RELOADED
WINDOW DECORATIONS RELOADED
1610410536288	Marionette	INFO	Stopped listening on port 40329
1610410538021	mozrunner::runner	INFO	Running command: "/usr/bin/firefox" "-marionette" "-foreground" "-no-remote" "-profile" "/tmp/rust_mozprofileYg4byx"
WINDOW DECORATIONS RELOADED
console.warn: SearchSettings: "get: No settings file exists, new profile?" (new Error("", "(unknown module)"))
WINDOW DECORATIONS RELOADED
1610410540624	Marionette	INFO	Listening on port 44841
1610410540671	Marionette	WARN	TLS certificate errors will be ignored for this session
WINDOW DECORATIONS RELOADED
WINDOW DECORATIONS RELOADED
1610410555741	Marionette	INFO	Stopped listening on port 44841
1610410637360	mozrunner::runner	INFO	Running command: "/usr/bin/firefox" "-marionette" "-foreground" "-no-remote" "-profile" "/tmp/rust_mozprofileamMgAb"
WINDOW DECORATIONS RELOADED
console.warn: SearchSettings: "get: No settings file exists, new profile?" (new Error("", "(unknown module)"))
WINDOW DECORATIONS RELOADED
WINDOW DECORATIONS RELOADED
1610410640319	Marionette	INFO	Listening on port 37433
1610410640394	Marionette	WARN	TLS certificate errors will be ignored for this session
WINDOW DECORATIONS RELOADED
1610410706175	mozrunner::runner	INFO	Running command: "/usr/bin/firefox" "-marionette" "-foreground" "-no-remote" "-profile" "/tmp/rust_mozprofileB6NsYE"
WINDOW DECORATIONS RELOADED
1610410708052	Marionette	INFO	Stopped listening on port 37433
console.warn: SearchSettings: "get: No settings file exists, new profile?" (new Error("", "(unknown module)"))
1610410709039	Marionette	INFO	Listening on port 43891
1610410709116	Marionette	WARN	TLS certificate errors will be ignored for this session
WINDOW DECORATIONS RELOADED
WINDOW DECORATIONS RELOADED
WINDOW DECORATIONS RELOADED
1610410730526	Marionette	INFO	Stopped listening on port 43891
1610410731431	mozrunner::runner	INFO	Running command: "/usr/bin/firefox" "-marionette" "-foreground" "-no-remote" "-profile" "/tmp/rust_mozprofile0nmNP5"
WINDOW DECORATIONS RELOADED
console.warn: SearchSettings: "get: No settings file exists, new profile?" (new Error("", "(unknown module)"))
1610410733862	Marionette	INFO	Listening on port 36429
WINDOW DECORATIONS RELOADED
1610410733960	Marionette	WARN	TLS certificate errors will be ignored for this session
WINDOW DECORATIONS RELOADED
WINDOW DECORATIONS RELOADED
1610410764026	mozrunner::runner	INFO	Running command: "/usr/bin/firefox" "-marionette" "-foreground" "-no-remote" "-profile" "/tmp/rust_mozprofilep5jdH4"
WINDOW DECORATIONS RELOADED
1610410766004	Marionette	INFO	Stopped listening on port 36429
console.warn: SearchSettings: "get: No settings file exists, new profile?" (new Error("", "(unknown module)"))
WINDOW DECORATIONS RELOADED
WINDOW DECORATIONS RELOADED
1610410767312	Marionette	INFO	Listening on port 46863
1610410767371	Marionette	WARN	TLS certificate errors will be ignored for this session

###!!! [Parent][RunMessage] Error: Channel closing: too late to send/recv, messages will be lost

WINDOW DECORATIONS RELOADED
JavaScript error: , line 0: NetworkError: A network error occurred.
JavaScript error: , line 0: NetworkError: A network error occurred.
1610410918054	Marionette	INFO	Stopped listening on port 46863
1610410918101	mozrunner::runner	INFO	Running command: "/usr/bin/firefox" "-marionette" "-foreground" "-no-remote" "-profile" "/tmp/rust_mozprofileyIyb0U"
WINDOW DECORATIONS RELOADED
console.warn: SearchSettings: "get: No settings file exists, new profile?" (new Error("", "(unknown module)"))
WINDOW DECORATIONS RELOADED
1610410920981	Marionette	INFO	Listening on port 46349
1610410921034	Marionette	WARN	TLS certificate errors will be ignored for this session
WINDOW DECORATIONS RELOADED
WINDOW DECORATIONS RELOADED
1610410938358	Marionette	INFO	Stopped listening on port 46349
1610410939367	mozrunner::runner	INFO	Running command: "/usr/bin/firefox" "-marionette" "-foreground" "-no-remote" "-profile" "/tmp/rust_mozprofile0uu3FL"
WINDOW DECORATIONS RELOADED
console.warn: SearchSettings: "get: No settings file exists, new profile?" (new Error("", "(unknown module)"))
1610410941879	Marionette	INFO	Listening on port 39231
WINDOW DECORATIONS RELOADED
1610410941996	Marionette	WARN	TLS certificate errors will be ignored for this session
WINDOW DECORATIONS RELOADED
WINDOW DECORATIONS RELOADED
1610410956038	Marionette	INFO	Stopped listening on port 39231
1610410982143	mozrunner::runner	INFO	Running command: "/usr/bin/firefox" "-marionette" "-foreground" "-no-remote" "-profile" "/tmp/rust_mozprofile4ClUlR"
WINDOW DECORATIONS RELOADED
console.warn: SearchSettings: "get: No settings file exists, new profile?" (new Error("", "(unknown module)"))
WINDOW DECORATIONS RELOADED
WINDOW DECORATIONS RELOADED
1610410984840	Marionette	INFO	Listening on port 40867
1610410984883	Marionette	WARN	TLS certificate errors will be ignored for this session
WINDOW DECORATIONS RELOADED
JavaScript error: resource://activity-stream/lib/ASRouter.jsm, line 987: NS_ERROR_ILLEGAL_VALUE: Component returned failure code: 0x80070057 (NS_ERROR_ILLEGAL_VALUE) [nsIObserverService.removeObserver]
console.error: services.settings: 
  main/message-groups Signature failed  TypeError: NetworkError when attempting to fetch resource.
console.error: services.settings: 
  main/fxmonitor-breaches Signature failed  TypeError: NetworkError when attempting to fetch resource.
JavaScript error: , line 0: AbortError: A request was aborted, for example through a call to IDBTransaction.abort.
1610410993621	Marionette	INFO	Stopped listening on port 40867
1610411028350	mozrunner::runner	INFO	Running command: "/usr/bin/firefox" "-marionette" "-foreground" "-no-remote" "-profile" "/tmp/rust_mozprofileoP8iYe"
WINDOW DECORATIONS RELOADED
console.warn: SearchSettings: "get: No settings file exists, new profile?" (new Error("", "(unknown module)"))
WINDOW DECORATIONS RELOADED
1610411031331	Marionette	INFO	Listening on port 42533
WINDOW DECORATIONS RELOADED
1610411031395	Marionette	WARN	TLS certificate errors will be ignored for this session
WINDOW DECORATIONS RELOADED
1610411058818	Marionette	INFO	Stopped listening on port 42533
1610411064030	mozrunner::runner	INFO	Running command: "/usr/bin/firefox" "-marionette" "-foreground" "-no-remote" "-profile" "/tmp/rust_mozprofile0mjCnU"
WINDOW DECORATIONS RELOADED
console.warn: SearchSettings: "get: No settings file exists, new profile?" (new Error("", "(unknown module)"))
WINDOW DECORATIONS RELOADED
1610411067682	Marionette	INFO	Listening on port 41115
1610411067766	Marionette	WARN	TLS certificate errors will be ignored for this session
WINDOW DECORATIONS RELOADED
WINDOW DECORATIONS RELOADED
console.error: Region.jsm: "Error fetching region" (new Error("TIMEOUT", "resource://gre/modules/Region.jsm", 726))
console.error: Region.jsm: "Failed to fetch region" (new Error("TIMEOUT", "resource://gre/modules/Region.jsm", 376))
1610411162999	mozrunner::runner	INFO	Running command: "/usr/bin/firefox" "-marionette" "-foreground" "-no-remote" "-profile" "/tmp/rust_mozprofileujXDxn"
WINDOW DECORATIONS RELOADED
WINDOW DECORATIONS RELOADED
console.warn: SearchSettings: "get: No settings file exists, new profile?" (new Error("", "(unknown module)"))
WINDOW DECORATIONS RELOADED
1610411167503	Marionette	INFO	Listening on port 37643
1610411167535	Marionette	WARN	TLS certificate errors will be ignored for this session
WINDOW DECORATIONS RELOADED
console.error: Region.jsm: "Error fetching region" (new Error("TIMEOUT", "resource://gre/modules/Region.jsm", 726))
console.error: Region.jsm: "Failed to fetch region" (new Error("TIMEOUT", "resource://gre/modules/Region.jsm", 376))
1610411180150	Marionette	WARN	TimedPromise timed out after 500 ms: stacktrace:
TimedPromise/<@chrome://marionette/content/sync.js:235:19
TimedPromise@chrome://marionette/content/sync.js:220:10
interaction.flushEventLoop@chrome://marionette/content/interaction.js:418:10
webdriverClickElement@chrome://marionette/content/interaction.js:179:31
1610411180368	Marionette	INFO	Stopped listening on port 37643
console.warn: LoginRecipes: "getRecipes: falling back to a synchronous message for:" "https://github.com"
IPDL protocol error: Handler returned error code!

###!!! [Parent][DispatchAsyncMessage] Error: PLayerTransaction::Msg_ReleaseLayer Processing error: message was deserialized, but the handler returned false (indicating failure)

IPDL protocol error: Handler returned error code!

###!!! [Parent][DispatchAsyncMessage] Error: PLayerTransaction::Msg_ReleaseLayer Processing error: message was deserialized, but the handler returned false (indicating failure)

IPDL protocol error: Handler returned error code!

###!!! [Parent][DispatchAsyncMessage] Error: PLayerTransaction::Msg_ReleaseLayer Processing error: message was deserialized, but the handler returned false (indicating failure)

IPDL protocol error: Handler returned error code!

###!!! [Parent][DispatchAsyncMessage] Error: PLayerTransaction::Msg_ReleaseLayer Processing error: message was deserialized, but the handler returned false (indicating failure)

IPDL protocol error: Handler returned error code!

###!!! [Parent][DispatchAsyncMessage] Error: PLayerTransaction::Msg_ReleaseLayer Processing error: message was deserialized, but the handler returned false (indicating failure)

IPDL protocol error: Handler returned error code!

###!!! [Parent][DispatchAsyncMessage] Error: PLayerTransaction::Msg_ReleaseLayer Processing error: message was deserialized, but the handler returned false (indicating failure)

IPDL protocol error: Handler returned error code!

###!!! [Parent][DispatchAsyncMessage] Error: PLayerTransaction::Msg_ReleaseLayer Processing error: message was deserialized, but the handler returned false (indicating failure)

IPDL protocol error: Handler returned error code!

###!!! [Parent][DispatchAsyncMessage] Error: PLayerTransaction::Msg_ReleaseLayer Processing error: message was deserialized, but the handler returned false (indicating failure)

1610411352350	Marionette	INFO	Stopped listening on port 41115
1610411357398	mozrunner::runner	INFO	Running command: "/usr/bin/firefox" "-marionette" "-foreground" "-no-remote" "-profile" "/tmp/rust_mozprofileDz29Zw"
WINDOW DECORATIONS RELOADED
console.warn: SearchSettings: "get: No settings file exists, new profile?" (new Error("", "(unknown module)"))
WINDOW DECORATIONS RELOADED
WINDOW DECORATIONS RELOADED
1610411363765	Marionette	INFO	Listening on port 39711
1610411363835	Marionette	WARN	TLS certificate errors will be ignored for this session
WINDOW DECORATIONS RELOADED
1610411371164	Marionette	WARN	TimedPromise timed out after 500 ms: stacktrace:
TimedPromise/<@chrome://marionette/content/sync.js:235:19
TimedPromise@chrome://marionette/content/sync.js:220:10
interaction.flushEventLoop@chrome://marionette/content/interaction.js:418:10
webdriverClickElement@chrome://marionette/content/interaction.js:179:31
1610411371396	Marionette	INFO	Stopped listening on port 39711
JavaScript error: resource://activity-stream/lib/ASRouter.jsm, line 987: NS_ERROR_ILLEGAL_VALUE: Component returned failure code: 0x80070057 (NS_ERROR_ILLEGAL_VALUE) [nsIObserverService.removeObserver]
1610411517581	mozrunner::runner	INFO	Running command: "/usr/bin/firefox" "-marionette" "-foreground" "-no-remote" "-profile" "/tmp/rust_mozprofileN23iq0"
WINDOW DECORATIONS RELOADED
console.warn: SearchSettings: "get: No settings file exists, new profile?" (new Error("", "(unknown module)"))
WINDOW DECORATIONS RELOADED
1610411540207	Marionette	INFO	Listening on port 34957
1610411540287	Marionette	WARN	TLS certificate errors will be ignored for this session
WINDOW DECORATIONS RELOADED
WINDOW DECORATIONS RELOADED
1610411549833	Marionette	WARN	TimedPromise timed out after 500 ms: stacktrace:
TimedPromise/<@chrome://marionette/content/sync.js:235:19
TimedPromise@chrome://marionette/content/sync.js:220:10
interaction.flushEventLoop@chrome://marionette/content/interaction.js:418:10
webdriverClickElement@chrome://marionette/content/interaction.js:179:31
1610411560059	Marionette	INFO	Stopped listening on port 34957
1610411594079	mozrunner::runner	INFO	Running command: "/usr/bin/firefox" "-marionette" "-foreground" "-no-remote" "-profile" "/tmp/rust_mozprofileRmiaA5"
WINDOW DECORATIONS RELOADED
console.warn: SearchSettings: "get: No settings file exists, new profile?" (new Error("", "(unknown module)"))
1610411596526	Marionette	INFO	Listening on port 41167
WINDOW DECORATIONS RELOADED
1610411596609	Marionette	WARN	TLS certificate errors will be ignored for this session
WINDOW DECORATIONS RELOADED
WINDOW DECORATIONS RELOADED
1610411603347	Marionette	WARN	TimedPromise timed out after 500 ms: stacktrace:
TimedPromise/<@chrome://marionette/content/sync.js:235:19
TimedPromise@chrome://marionette/content/sync.js:220:10
interaction.flushEventLoop@chrome://marionette/content/interaction.js:418:10
webdriverClickElement@chrome://marionette/content/interaction.js:179:31
IPDL protocol error: Handler returned error code!

###!!! [Parent][DispatchAsyncMessage] Error: PLayerTransaction::Msg_ReleaseLayer Processing error: message was deserialized, but the handler returned false (indicating failure)

IPDL protocol error: Handler returned error code!

###!!! [Parent][DispatchAsyncMessage] Error: PLayerTransaction::Msg_ReleaseLayer Processing error: message was deserialized, but the handler returned false (indicating failure)

IPDL protocol error: Handler returned error code!

###!!! [Parent][DispatchAsyncMessage] Error: PLayerTransaction::Msg_ReleaseLayer Processing error: message was deserialized, but the handler returned false (indicating failure)

IPDL protocol error: Handler returned error code!

###!!! [Parent][DispatchAsyncMessage] Error: PLayerTransaction::Msg_ReleaseLayer Processing error: message was deserialized, but the handler returned false (indicating failure)

IPDL protocol error: Handler returned error code!

###!!! [Parent][DispatchAsyncMessage] Error: PLayerTransaction::Msg_ReleaseLayer Processing error: message was deserialized, but the handler returned false (indicating failure)

IPDL protocol error: Handler returned error code!

###!!! [Parent][DispatchAsyncMessage] Error: PLayerTransaction::Msg_ReleaseLayer Processing error: message was deserialized, but the handler returned false (indicating failure)

IPDL protocol error: Handler returned error code!

###!!! [Parent][DispatchAsyncMessage] Error: PLayerTransaction::Msg_ReleaseLayer Processing error: message was deserialized, but the handler returned false (indicating failure)

IPDL protocol error: Handler returned error code!

###!!! [Parent][DispatchAsyncMessage] Error: PLayerTransaction::Msg_ReleaseLayer Processing error: message was deserialized, but the handler returned false (indicating failure)

1610411637639	Marionette	INFO	Stopped listening on port 41167
1610411791453	mozrunner::runner	INFO	Running command: "/usr/bin/firefox" "-marionette" "-foreground" "-no-remote" "-profile" "/tmp/rust_mozprofileM5jnYn"
WINDOW DECORATIONS RELOADED
console.warn: SearchSettings: "get: No settings file exists, new profile?" (new Error("", "(unknown module)"))
1610411795114	Marionette	INFO	Listening on port 45327
WINDOW DECORATIONS RELOADED
1610411795185	Marionette	WARN	TLS certificate errors will be ignored for this session
WINDOW DECORATIONS RELOADED
WINDOW DECORATIONS RELOADED
1610411929715	Marionette	INFO	Stopped listening on port 45327

###!!! [Parent][RunMessage] Error: Channel closing: too late to send/recv, messages will be lost

1610412215643	mozrunner::runner	INFO	Running command: "/usr/bin/firefox" "-marionette" "-foreground" "-no-remote" "-profile" "/tmp/rust_mozprofile4p0Msv"
WINDOW DECORATIONS RELOADED
console.warn: SearchSettings: "get: No settings file exists, new profile?" (new Error("", "(unknown module)"))
WINDOW DECORATIONS RELOADED
1610412238232	Marionette	INFO	Listening on port 34395
1610412238331	Marionette	WARN	TLS certificate errors will be ignored for this session
WINDOW DECORATIONS RELOADED
WINDOW DECORATIONS RELOADED
console.error: Region.jsm: "Error fetching region" (new Error("TIMEOUT", "resource://gre/modules/Region.jsm", 726))
console.error: Region.jsm: "Failed to fetch region" (new Error("TIMEOUT", "resource://gre/modules/Region.jsm", 376))
1610412252433	Marionette	INFO	Stopped listening on port 34395
1610412552962	mozrunner::runner	INFO	Running command: "/usr/bin/firefox" "-marionette" "-foreground" "-no-remote" "-profile" "/tmp/rust_mozprofileA595FW"
WINDOW DECORATIONS RELOADED
console.warn: SearchSettings: "get: No settings file exists, new profile?" (new Error("", "(unknown module)"))
WINDOW DECORATIONS RELOADED
1610412555654	Marionette	INFO	Listening on port 32809
WINDOW DECORATIONS RELOADED
1610412555708	Marionette	WARN	TLS certificate errors will be ignored for this session
WINDOW DECORATIONS RELOADED
console.error: Region.jsm: "Error fetching region" (new Error("TIMEOUT", "resource://gre/modules/Region.jsm", 726))
console.error: Region.jsm: "Failed to fetch region" (new Error("TIMEOUT", "resource://gre/modules/Region.jsm", 376))
1610412568808	Marionette	INFO	Stopped listening on port 32809

###!!! [Parent][RunMessage] Error: Channel closing: too late to send/recv, messages will be lost

